<?xml version="1.0" encoding="UTF-8"?>
<testsuite name="net.corda.c5template.flows.ExampleUnitTest" tests="1" skipped="0" failures="0" errors="0" timestamp="2023-03-21T06:45:51" hostname="rahulchavan424" time="4.139">
  <properties/>
  <testcase name="flow signs state()" classname="net.corda.c5template.flows.ExampleUnitTest" time="4.139"/>
  <system-out><![CDATA[]]></system-out>
  <system-err><![CDATA[SLF4J: Failed to load class "org.slf4j.impl.StaticLoggerBinder".
SLF4J: Defaulting to no-operation (NOP) logger implementation
SLF4J: See http://www.slf4j.org/codes.html#StaticLoggerBinder for further details.
]]></system-err>
</testsuite>
